(MainThread) 201217_23:28:18.261 ERROR wrapper.py:56 ERROR -1 2104 Market data farm connection is OK:usfarm.nj
(MainThread) 201217_23:28:18.262 ERROR wrapper.py:56 ERROR -1 2104 Market data farm connection is OK:usfuture
(MainThread) 201217_23:28:18.262 ERROR wrapper.py:56 ERROR -1 2104 Market data farm connection is OK:cashfarm
(MainThread) 201217_23:28:18.262 ERROR wrapper.py:56 ERROR -1 2104 Market data farm connection is OK:usopt
(MainThread) 201217_23:28:18.262 ERROR wrapper.py:56 ERROR -1 2104 Market data farm connection is OK:usfarm
(MainThread) 201217_23:28:18.263 ERROR wrapper.py:56 ERROR -1 2106 HMDS data farm connection is OK:euhmds
(MainThread) 201217_23:28:18.263 ERROR wrapper.py:56 ERROR -1 2106 HMDS data farm connection is OK:cashhmds
(MainThread) 201217_23:28:18.263 ERROR wrapper.py:56 ERROR -1 2106 HMDS data farm connection is OK:fundfarm
(MainThread) 201217_23:28:18.263 ERROR wrapper.py:56 ERROR -1 2106 HMDS data farm connection is OK:ushmds
(MainThread) 201217_23:28:18.264 ERROR wrapper.py:56 ERROR -1 2158 Sec-def data farm connection is OK:secdefnj
(MainThread) 201217_23:30:58.586 ERROR wrapper.py:56 ERROR -1 2157 Sec-def data farm connection is broken:secdefnj
(MainThread) 201217_23:30:58.587 ERROR wrapper.py:56 ERROR -1 2158 Sec-def data farm connection is OK:secdefnj
(MainThread) 201218_00:03:04.590 ERROR wrapper.py:56 ERROR -1 2105 HMDS data farm connection is broken:fundfarm
(MainThread) 201218_00:03:12.895 ERROR wrapper.py:56 ERROR -1 2106 HMDS data farm connection is OK:fundfarm
(MainThread) 201218_00:03:39.354 ERROR wrapper.py:56 ERROR -1 2105 HMDS data farm connection is broken:fundfarm
(MainThread) 201218_00:04:03.906 ERROR wrapper.py:56 ERROR -1 2105 HMDS data farm connection is broken:fundfarm
(MainThread) 201218_00:04:04.674 ERROR wrapper.py:56 ERROR -1 2105 HMDS data farm connection is broken:fundfarm
(MainThread) 201218_00:04:14.763 ERROR wrapper.py:56 ERROR -1 2105 HMDS data farm connection is broken:fundfarm
(MainThread) 201218_00:04:31.514 ERROR wrapper.py:56 ERROR -1 2105 HMDS data farm connection is broken:fundfarm
(MainThread) 201218_00:05:31.010 ERROR wrapper.py:56 ERROR -1 2105 HMDS data farm connection is broken:fundfarm
(MainThread) 201218_00:06:27.180 ERROR wrapper.py:56 ERROR -1 2105 HMDS data farm connection is broken:euhmds
(MainThread) 201218_00:06:27.181 ERROR wrapper.py:56 ERROR -1 2105 HMDS data farm connection is broken:ushmds
(MainThread) 201218_00:06:27.182 ERROR wrapper.py:56 ERROR -1 2105 HMDS data farm connection is broken:cashhmds
(MainThread) 201218_00:06:28.858 ERROR wrapper.py:56 ERROR -1 2106 HMDS data farm connection is OK:ushmds
(MainThread) 201218_00:06:30.220 ERROR wrapper.py:56 ERROR -1 2105 HMDS data farm connection is broken:euhmds
(MainThread) 201218_00:06:33.691 ERROR wrapper.py:56 ERROR -1 2106 HMDS data farm connection is OK:cashhmds
(MainThread) 201218_00:06:33.945 ERROR wrapper.py:56 ERROR -1 2105 HMDS data farm connection is broken:fundfarm
(MainThread) 201218_00:06:42.710 ERROR wrapper.py:56 ERROR -1 2105 HMDS data farm connection is broken:euhmds
(MainThread) 201218_00:07:23.069 ERROR wrapper.py:56 ERROR -1 2105 HMDS data farm connection is broken:euhmds
(MainThread) 201218_00:07:29.550 ERROR wrapper.py:56 ERROR -1 2105 HMDS data farm connection is broken:euhmds
(MainThread) 201218_00:07:32.953 ERROR wrapper.py:56 ERROR -1 2105 HMDS data farm connection is broken:cashhmds
(MainThread) 201218_00:07:33.077 ERROR wrapper.py:56 ERROR -1 2105 HMDS data farm connection is broken:ushmds
(MainThread) 201218_00:07:33.739 ERROR wrapper.py:56 ERROR -1 2106 HMDS data farm connection is OK:fundfarm
(MainThread) 201218_00:07:36.135 ERROR wrapper.py:56 ERROR -1 2105 HMDS data farm connection is broken:ushmds
(MainThread) 201218_00:07:36.391 ERROR wrapper.py:56 ERROR -1 2105 HMDS data farm connection is broken:cashhmds
(MainThread) 201218_00:07:39.616 ERROR wrapper.py:56 ERROR -1 2105 HMDS data farm connection is broken:ushmds
(MainThread) 201218_00:07:40.527 ERROR wrapper.py:56 ERROR -1 2105 HMDS data farm connection is broken:cashhmds
(MainThread) 201218_00:07:52.972 ERROR wrapper.py:56 ERROR -1 2105 HMDS data farm connection is broken:ushmds
(MainThread) 201218_00:07:53.406 ERROR wrapper.py:56 ERROR -1 2105 HMDS data farm connection is broken:cashhmds
(MainThread) 201218_00:07:56.070 ERROR wrapper.py:56 ERROR -1 2106 HMDS data farm connection is OK:euhmds
(MainThread) 201218_00:08:06.089 ERROR wrapper.py:56 ERROR -1 2105 HMDS data farm connection is broken:ushmds
(MainThread) 201218_00:08:07.210 ERROR wrapper.py:56 ERROR -1 2105 HMDS data farm connection is broken:cashhmds
(MainThread) 201218_00:08:33.677 ERROR wrapper.py:56 ERROR -1 2105 HMDS data farm connection is broken:euhmds
(MainThread) 201218_00:08:33.678 ERROR wrapper.py:56 ERROR -1 2106 HMDS data farm connection is OK:euhmds
(MainThread) 201218_00:09:01.935 ERROR wrapper.py:56 ERROR -1 2105 HMDS data farm connection is broken:cashhmds
(MainThread) 201218_00:09:05.287 ERROR wrapper.py:56 ERROR -1 2105 HMDS data farm connection is broken:ushmds
(MainThread) 201218_00:09:52.410 ERROR wrapper.py:56 ERROR -1 2106 HMDS data farm connection is OK:cashhmds
(MainThread) 201218_00:10:02.915 ERROR wrapper.py:56 ERROR -1 2106 HMDS data farm connection is OK:ushmds
(MainThread) 201218_00:30:14.928 ERROR wrapper.py:56 ERROR -1 2103 Market data farm connection is broken:usfarm
(MainThread) 201218_00:30:14.928 ERROR wrapper.py:56 ERROR -1 2103 Market data farm connection is broken:usfarm
(MainThread) 201218_00:30:25.509 ERROR wrapper.py:56 ERROR -1 2104 Market data farm connection is OK:usfarm
