(MainThread) 201217_06:55:05.956 ERROR wrapper.py:56 ERROR -1 2104 Market data farm connection is OK:usfarm.nj
(MainThread) 201217_06:55:05.956 ERROR wrapper.py:56 ERROR -1 2104 Market data farm connection is OK:cashfarm
(MainThread) 201217_06:55:05.956 ERROR wrapper.py:56 ERROR -1 2104 Market data farm connection is OK:usopt
(MainThread) 201217_06:55:05.957 ERROR wrapper.py:56 ERROR -1 2104 Market data farm connection is OK:usfarm
(MainThread) 201217_06:55:05.957 ERROR wrapper.py:56 ERROR -1 2106 HMDS data farm connection is OK:cashhmds
(MainThread) 201217_06:55:05.957 ERROR wrapper.py:56 ERROR -1 2106 HMDS data farm connection is OK:ushmds
(MainThread) 201217_06:55:05.958 ERROR wrapper.py:56 ERROR -1 2158 Sec-def data farm connection is OK:secdefnj
(MainThread) 201217_06:55:06.030 ERROR wrapper.py:56 ERROR 2001 2152 Exchanges - Depth: IEX; Top: BYX; PEARL; AMEX; CHX; NYSENAT; PSX; MEMX; EDGEA; LTSE; ISE; DRCTEDGE; Need additional market data permissions - Depth: BATS; ARCA; ISLAND; BEX; NYSE; 
(MainThread) 201217_07:01:21.645 ERROR wrapper.py:56 ERROR -1 2103 Market data farm connection is broken:cashfarm
(MainThread) 201217_07:01:21.683 ERROR wrapper.py:56 ERROR -1 2103 Market data farm connection is broken:usfarm.nj
(MainThread) 201217_07:01:21.780 ERROR wrapper.py:56 ERROR -1 2103 Market data farm connection is broken:usopt
(MainThread) 201217_07:01:21.812 ERROR wrapper.py:56 ERROR -1 2103 Market data farm connection is broken:usfarm
(MainThread) 201217_07:01:21.847 ERROR wrapper.py:56 ERROR -1 2157 Sec-def data farm connection is broken:secdefnj
(MainThread) 201217_07:01:21.848 ERROR wrapper.py:56 ERROR -1 2105 HMDS data farm connection is broken:cashhmds
(MainThread) 201217_07:01:21.880 ERROR wrapper.py:56 ERROR -1 2105 HMDS data farm connection is broken:ushmds
(MainThread) 201217_07:01:21.881 ERROR wrapper.py:56 ERROR -1 2106 HMDS data farm connection is OK:ushmds
(MainThread) 201217_07:01:21.896 ERROR wrapper.py:56 ERROR -1 2106 HMDS data farm connection is OK:cashhmds
(MainThread) 201217_07:01:21.932 ERROR wrapper.py:56 ERROR -1 2158 Sec-def data farm connection is OK:secdefnj
(MainThread) 201217_07:01:21.973 ERROR wrapper.py:56 ERROR -1 2104 Market data farm connection is OK:usopt
(MainThread) 201217_07:01:21.993 ERROR wrapper.py:56 ERROR -1 2104 Market data farm connection is OK:cashfarm
(MainThread) 201217_07:01:22.145 ERROR wrapper.py:56 ERROR -1 2104 Market data farm connection is OK:usfarm.nj
(MainThread) 201217_07:01:22.336 ERROR wrapper.py:56 ERROR -1 2104 Market data farm connection is OK:usfarm
